<?xml version="1.0" encoding="UTF-8"?>
<testsuite xmlns:xsi="http://www.w3.org/2001/XMLSchema-instance" xsi:noNamespaceSchemaLocation="https://maven.apache.org/surefire/maven-surefire-plugin/xsd/surefire-test-report.xsd" name="com.khusedcar.schedule.controller.TScheduleControllerTest" time="0.001" tests="4" errors="0" skipped="0" failures="0">
  <properties>
    <property name="sun.desktop" value="windows"/>
    <property name="awt.toolkit" value="sun.awt.windows.WToolkit"/>
    <property name="file.encoding.pkg" value="sun.io"/>
    <property name="java.specification.version" value="1.8"/>
    <property name="sun.cpu.isalist" value="amd64"/>
    <property name="sun.jnu.encoding" value="GBK"/>
    <property name="java.class.path" value="F:\Job\GitData\8.30.2\personnel_system\khusedcar\target\test-classes;F:\Job\GitData\8.30.2\personnel_system\khusedcar\target\classes;F:\Job\apache-maven-3.5.4\repository\org\springframework\boot\spring-boot-starter-web\2.0.6.RELEASE\spring-boot-starter-web-2.0.6.RELEASE.jar;F:\Job\apache-maven-3.5.4\repository\org\springframework\boot\spring-boot-starter\2.0.6.RELEASE\spring-boot-starter-2.0.6.RELEASE.jar;F:\Job\apache-maven-3.5.4\repository\org\springframework\boot\spring-boot\2.0.6.RELEASE\spring-boot-2.0.6.RELEASE.jar;F:\Job\apache-maven-3.5.4\repository\org\springframework\boot\spring-boot-autoconfigure\2.0.6.RELEASE\spring-boot-autoconfigure-2.0.6.RELEASE.jar;F:\Job\apache-maven-3.5.4\repository\org\springframework\boot\spring-boot-starter-logging\2.0.6.RELEASE\spring-boot-starter-logging-2.0.6.RELEASE.jar;F:\Job\apache-maven-3.5.4\repository\ch\qos\logback\logback-classic\1.2.3\logback-classic-1.2.3.jar;F:\Job\apache-maven-3.5.4\repository\ch\qos\logback\logback-core\1.2.3\logback-core-1.2.3.jar;F:\Job\apache-maven-3.5.4\repository\org\apache\logging\log4j\log4j-to-slf4j\2.10.0\log4j-to-slf4j-2.10.0.jar;F:\Job\apache-maven-3.5.4\repository\org\slf4j\jul-to-slf4j\1.7.25\jul-to-slf4j-1.7.25.jar;F:\Job\apache-maven-3.5.4\repository\org\yaml\snakeyaml\1.19\snakeyaml-1.19.jar;F:\Job\apache-maven-3.5.4\repository\org\springframework\boot\spring-boot-starter-json\2.0.6.RELEASE\spring-boot-starter-json-2.0.6.RELEASE.jar;F:\Job\apache-maven-3.5.4\repository\com\fasterxml\jackson\core\jackson-databind\2.9.7\jackson-databind-2.9.7.jar;F:\Job\apache-maven-3.5.4\repository\com\fasterxml\jackson\core\jackson-annotations\2.9.0\jackson-annotations-2.9.0.jar;F:\Job\apache-maven-3.5.4\repository\com\fasterxml\jackson\core\jackson-core\2.9.7\jackson-core-2.9.7.jar;F:\Job\apache-maven-3.5.4\repository\com\fasterxml\jackson\datatype\jackson-datatype-jdk8\2.9.7\jackson-datatype-jdk8-2.9.7.jar;F:\Job\apache-maven-3.5.4\repository\com\fasterxml\jackson\datatype\jackson-datatype-jsr310\2.9.7\jackson-datatype-jsr310-2.9.7.jar;F:\Job\apache-maven-3.5.4\repository\com\fasterxml\jackson\module\jackson-module-parameter-names\2.9.7\jackson-module-parameter-names-2.9.7.jar;F:\Job\apache-maven-3.5.4\repository\org\hibernate\validator\hibernate-validator\6.0.13.Final\hibernate-validator-6.0.13.Final.jar;F:\Job\apache-maven-3.5.4\repository\javax\validation\validation-api\2.0.1.Final\validation-api-2.0.1.Final.jar;F:\Job\apache-maven-3.5.4\repository\org\jboss\logging\jboss-logging\3.3.2.Final\jboss-logging-3.3.2.Final.jar;F:\Job\apache-maven-3.5.4\repository\com\fasterxml\classmate\1.3.4\classmate-1.3.4.jar;F:\Job\apache-maven-3.5.4\repository\org\springframework\spring-web\5.0.10.RELEASE\spring-web-5.0.10.RELEASE.jar;F:\Job\apache-maven-3.5.4\repository\org\springframework\spring-beans\5.0.10.RELEASE\spring-beans-5.0.10.RELEASE.jar;F:\Job\apache-maven-3.5.4\repository\org\springframework\spring-webmvc\5.0.10.RELEASE\spring-webmvc-5.0.10.RELEASE.jar;F:\Job\apache-maven-3.5.4\repository\org\springframework\spring-aop\5.0.10.RELEASE\spring-aop-5.0.10.RELEASE.jar;F:\Job\apache-maven-3.5.4\repository\org\springframework\spring-context\5.0.10.RELEASE\spring-context-5.0.10.RELEASE.jar;F:\Job\apache-maven-3.5.4\repository\org\springframework\spring-expression\5.0.10.RELEASE\spring-expression-5.0.10.RELEASE.jar;F:\Job\apache-maven-3.5.4\repository\org\mybatis\spring\boot\mybatis-spring-boot-starter\1.3.2\mybatis-spring-boot-starter-1.3.2.jar;F:\Job\apache-maven-3.5.4\repository\org\springframework\boot\spring-boot-starter-jdbc\2.0.6.RELEASE\spring-boot-starter-jdbc-2.0.6.RELEASE.jar;F:\Job\apache-maven-3.5.4\repository\com\zaxxer\HikariCP\2.7.9\HikariCP-2.7.9.jar;F:\Job\apache-maven-3.5.4\repository\org\springframework\spring-jdbc\5.0.10.RELEASE\spring-jdbc-5.0.10.RELEASE.jar;F:\Job\apache-maven-3.5.4\repository\org\springframework\spring-tx\5.0.10.RELEASE\spring-tx-5.0.10.RELEASE.jar;F:\Job\apache-maven-3.5.4\repository\org\mybatis\spring\boot\mybatis-spring-boot-autoconfigure\1.3.2\mybatis-spring-boot-autoconfigure-1.3.2.jar;F:\Job\apache-maven-3.5.4\repository\org\mybatis\mybatis\3.4.6\mybatis-3.4.6.jar;F:\Job\apache-maven-3.5.4\repository\org\mybatis\mybatis-spring\1.3.2\mybatis-spring-1.3.2.jar;F:\Job\apache-maven-3.5.4\repository\org\springframework\boot\spring-boot-starter-test\2.0.6.RELEASE\spring-boot-starter-test-2.0.6.RELEASE.jar;F:\Job\apache-maven-3.5.4\repository\org\springframework\boot\spring-boot-test\2.0.6.RELEASE\spring-boot-test-2.0.6.RELEASE.jar;F:\Job\apache-maven-3.5.4\repository\org\springframework\boot\spring-boot-test-autoconfigure\2.0.6.RELEASE\spring-boot-test-autoconfigure-2.0.6.RELEASE.jar;F:\Job\apache-maven-3.5.4\repository\com\jayway\jsonpath\json-path\2.4.0\json-path-2.4.0.jar;F:\Job\apache-maven-3.5.4\repository\net\minidev\json-smart\2.3\json-smart-2.3.jar;F:\Job\apache-maven-3.5.4\repository\net\minidev\accessors-smart\1.2\accessors-smart-1.2.jar;F:\Job\apache-maven-3.5.4\repository\org\ow2\asm\asm\5.0.4\asm-5.0.4.jar;F:\Job\apache-maven-3.5.4\repository\org\slf4j\slf4j-api\1.7.25\slf4j-api-1.7.25.jar;F:\Job\apache-maven-3.5.4\repository\junit\junit\4.12\junit-4.12.jar;F:\Job\apache-maven-3.5.4\repository\org\assertj\assertj-core\3.9.1\assertj-core-3.9.1.jar;F:\Job\apache-maven-3.5.4\repository\org\mockito\mockito-core\2.15.0\mockito-core-2.15.0.jar;F:\Job\apache-maven-3.5.4\repository\net\bytebuddy\byte-buddy\1.7.11\byte-buddy-1.7.11.jar;F:\Job\apache-maven-3.5.4\repository\net\bytebuddy\byte-buddy-agent\1.7.11\byte-buddy-agent-1.7.11.jar;F:\Job\apache-maven-3.5.4\repository\org\objenesis\objenesis\2.6\objenesis-2.6.jar;F:\Job\apache-maven-3.5.4\repository\org\hamcrest\hamcrest-core\1.3\hamcrest-core-1.3.jar;F:\Job\apache-maven-3.5.4\repository\org\hamcrest\hamcrest-library\1.3\hamcrest-library-1.3.jar;F:\Job\apache-maven-3.5.4\repository\org\skyscreamer\jsonassert\1.5.0\jsonassert-1.5.0.jar;F:\Job\apache-maven-3.5.4\repository\com\vaadin\external\google\android-json\0.0.20131108.vaadin1\android-json-0.0.20131108.vaadin1.jar;F:\Job\apache-maven-3.5.4\repository\org\springframework\spring-core\5.0.10.RELEASE\spring-core-5.0.10.RELEASE.jar;F:\Job\apache-maven-3.5.4\repository\org\springframework\spring-jcl\5.0.10.RELEASE\spring-jcl-5.0.10.RELEASE.jar;F:\Job\apache-maven-3.5.4\repository\org\springframework\spring-test\5.0.10.RELEASE\spring-test-5.0.10.RELEASE.jar;F:\Job\apache-maven-3.5.4\repository\org\xmlunit\xmlunit-core\2.5.1\xmlunit-core-2.5.1.jar;F:\Job\apache-maven-3.5.4\repository\org\springframework\boot\spring-boot-starter-freemarker\2.0.6.RELEASE\spring-boot-starter-freemarker-2.0.6.RELEASE.jar;F:\Job\apache-maven-3.5.4\repository\org\freemarker\freemarker\2.3.28\freemarker-2.3.28.jar;F:\Job\apache-maven-3.5.4\repository\org\springframework\spring-context-support\5.0.10.RELEASE\spring-context-support-5.0.10.RELEASE.jar;F:\Job\apache-maven-3.5.4\repository\org\springframework\boot\spring-boot-starter-tomcat\2.0.6.RELEASE\spring-boot-starter-tomcat-2.0.6.RELEASE.jar;F:\Job\apache-maven-3.5.4\repository\javax\annotation\javax.annotation-api\1.3.2\javax.annotation-api-1.3.2.jar;F:\Job\apache-maven-3.5.4\repository\org\apache\tomcat\embed\tomcat-embed-core\8.5.34\tomcat-embed-core-8.5.34.jar;F:\Job\apache-maven-3.5.4\repository\org\apache\tomcat\embed\tomcat-embed-el\8.5.34\tomcat-embed-el-8.5.34.jar;F:\Job\apache-maven-3.5.4\repository\org\apache\tomcat\embed\tomcat-embed-websocket\8.5.34\tomcat-embed-websocket-8.5.34.jar;F:\Job\apache-maven-3.5.4\repository\org\mybatis\generator\mybatis-generator-core\1.3.2\mybatis-generator-core-1.3.2.jar;F:\Job\apache-maven-3.5.4\repository\org\projectlombok\lombok\1.16.22\lombok-1.16.22.jar;F:\Job\apache-maven-3.5.4\repository\org\apache\logging\log4j\log4j-core\2.10.0\log4j-core-2.10.0.jar;F:\Job\apache-maven-3.5.4\repository\org\apache\logging\log4j\log4j-api\2.10.0\log4j-api-2.10.0.jar;F:\Job\apache-maven-3.5.4\repository\com\github\pagehelper\pagehelper-spring-boot-starter\1.2.5\pagehelper-spring-boot-starter-1.2.5.jar;F:\Job\apache-maven-3.5.4\repository\com\github\pagehelper\pagehelper-spring-boot-autoconfigure\1.2.5\pagehelper-spring-boot-autoconfigure-1.2.5.jar;F:\Job\apache-maven-3.5.4\repository\com\github\pagehelper\pagehelper\5.1.4\pagehelper-5.1.4.jar;F:\Job\apache-maven-3.5.4\repository\com\github\jsqlparser\jsqlparser\1.0\jsqlparser-1.0.jar;F:\Job\apache-maven-3.5.4\repository\mysql\mysql-connector-java\5.1.47\mysql-connector-java-5.1.47.jar;F:\Job\apache-maven-3.5.4\repository\com\alibaba\fastjson\1.2.37\fastjson-1.2.37.jar;"/>
    <property name="java.vm.vendor" value="Oracle Corporation"/>
    <property name="sun.arch.data.model" value="64"/>
    <property name="user.variant" value=""/>
    <property name="java.vendor.url" value="http://java.oracle.com/"/>
    <property name="user.timezone" value=""/>
    <property name="java.vm.specification.version" value="1.8"/>
    <property name="os.name" value="Windows 10"/>
    <property name="user.country" value="CN"/>
    <property name="sun.java.launcher" value="SUN_STANDARD"/>
    <property name="sun.boot.library.path" value="F:\Job\Java1.8\jre\bin"/>
    <property name="sun.java.command" value="C:\Users\zuhao\AppData\Local\Temp\surefire7970753753730930382\surefirebooter4154354074557612961.jar C:\Users\zuhao\AppData\Local\Temp\surefire7970753753730930382 2018-12-27T17-18-31_212-jvmRun1 surefire2619412501402829251tmp surefire_01581408564614518672tmp"/>
    <property name="surefire.test.class.path" value="F:\Job\GitData\8.30.2\personnel_system\khusedcar\target\test-classes;F:\Job\GitData\8.30.2\personnel_system\khusedcar\target\classes;F:\Job\apache-maven-3.5.4\repository\org\springframework\boot\spring-boot-starter-web\2.0.6.RELEASE\spring-boot-starter-web-2.0.6.RELEASE.jar;F:\Job\apache-maven-3.5.4\repository\org\springframework\boot\spring-boot-starter\2.0.6.RELEASE\spring-boot-starter-2.0.6.RELEASE.jar;F:\Job\apache-maven-3.5.4\repository\org\springframework\boot\spring-boot\2.0.6.RELEASE\spring-boot-2.0.6.RELEASE.jar;F:\Job\apache-maven-3.5.4\repository\org\springframework\boot\spring-boot-autoconfigure\2.0.6.RELEASE\spring-boot-autoconfigure-2.0.6.RELEASE.jar;F:\Job\apache-maven-3.5.4\repository\org\springframework\boot\spring-boot-starter-logging\2.0.6.RELEASE\spring-boot-starter-logging-2.0.6.RELEASE.jar;F:\Job\apache-maven-3.5.4\repository\ch\qos\logback\logback-classic\1.2.3\logback-classic-1.2.3.jar;F:\Job\apache-maven-3.5.4\repository\ch\qos\logback\logback-core\1.2.3\logback-core-1.2.3.jar;F:\Job\apache-maven-3.5.4\repository\org\apache\logging\log4j\log4j-to-slf4j\2.10.0\log4j-to-slf4j-2.10.0.jar;F:\Job\apache-maven-3.5.4\repository\org\slf4j\jul-to-slf4j\1.7.25\jul-to-slf4j-1.7.25.jar;F:\Job\apache-maven-3.5.4\repository\org\yaml\snakeyaml\1.19\snakeyaml-1.19.jar;F:\Job\apache-maven-3.5.4\repository\org\springframework\boot\spring-boot-starter-json\2.0.6.RELEASE\spring-boot-starter-json-2.0.6.RELEASE.jar;F:\Job\apache-maven-3.5.4\repository\com\fasterxml\jackson\core\jackson-databind\2.9.7\jackson-databind-2.9.7.jar;F:\Job\apache-maven-3.5.4\repository\com\fasterxml\jackson\core\jackson-annotations\2.9.0\jackson-annotations-2.9.0.jar;F:\Job\apache-maven-3.5.4\repository\com\fasterxml\jackson\core\jackson-core\2.9.7\jackson-core-2.9.7.jar;F:\Job\apache-maven-3.5.4\repository\com\fasterxml\jackson\datatype\jackson-datatype-jdk8\2.9.7\jackson-datatype-jdk8-2.9.7.jar;F:\Job\apache-maven-3.5.4\repository\com\fasterxml\jackson\datatype\jackson-datatype-jsr310\2.9.7\jackson-datatype-jsr310-2.9.7.jar;F:\Job\apache-maven-3.5.4\repository\com\fasterxml\jackson\module\jackson-module-parameter-names\2.9.7\jackson-module-parameter-names-2.9.7.jar;F:\Job\apache-maven-3.5.4\repository\org\hibernate\validator\hibernate-validator\6.0.13.Final\hibernate-validator-6.0.13.Final.jar;F:\Job\apache-maven-3.5.4\repository\javax\validation\validation-api\2.0.1.Final\validation-api-2.0.1.Final.jar;F:\Job\apache-maven-3.5.4\repository\org\jboss\logging\jboss-logging\3.3.2.Final\jboss-logging-3.3.2.Final.jar;F:\Job\apache-maven-3.5.4\repository\com\fasterxml\classmate\1.3.4\classmate-1.3.4.jar;F:\Job\apache-maven-3.5.4\repository\org\springframework\spring-web\5.0.10.RELEASE\spring-web-5.0.10.RELEASE.jar;F:\Job\apache-maven-3.5.4\repository\org\springframework\spring-beans\5.0.10.RELEASE\spring-beans-5.0.10.RELEASE.jar;F:\Job\apache-maven-3.5.4\repository\org\springframework\spring-webmvc\5.0.10.RELEASE\spring-webmvc-5.0.10.RELEASE.jar;F:\Job\apache-maven-3.5.4\repository\org\springframework\spring-aop\5.0.10.RELEASE\spring-aop-5.0.10.RELEASE.jar;F:\Job\apache-maven-3.5.4\repository\org\springframework\spring-context\5.0.10.RELEASE\spring-context-5.0.10.RELEASE.jar;F:\Job\apache-maven-3.5.4\repository\org\springframework\spring-expression\5.0.10.RELEASE\spring-expression-5.0.10.RELEASE.jar;F:\Job\apache-maven-3.5.4\repository\org\mybatis\spring\boot\mybatis-spring-boot-starter\1.3.2\mybatis-spring-boot-starter-1.3.2.jar;F:\Job\apache-maven-3.5.4\repository\org\springframework\boot\spring-boot-starter-jdbc\2.0.6.RELEASE\spring-boot-starter-jdbc-2.0.6.RELEASE.jar;F:\Job\apache-maven-3.5.4\repository\com\zaxxer\HikariCP\2.7.9\HikariCP-2.7.9.jar;F:\Job\apache-maven-3.5.4\repository\org\springframework\spring-jdbc\5.0.10.RELEASE\spring-jdbc-5.0.10.RELEASE.jar;F:\Job\apache-maven-3.5.4\repository\org\springframework\spring-tx\5.0.10.RELEASE\spring-tx-5.0.10.RELEASE.jar;F:\Job\apache-maven-3.5.4\repository\org\mybatis\spring\boot\mybatis-spring-boot-autoconfigure\1.3.2\mybatis-spring-boot-autoconfigure-1.3.2.jar;F:\Job\apache-maven-3.5.4\repository\org\mybatis\mybatis\3.4.6\mybatis-3.4.6.jar;F:\Job\apache-maven-3.5.4\repository\org\mybatis\mybatis-spring\1.3.2\mybatis-spring-1.3.2.jar;F:\Job\apache-maven-3.5.4\repository\org\springframework\boot\spring-boot-starter-test\2.0.6.RELEASE\spring-boot-starter-test-2.0.6.RELEASE.jar;F:\Job\apache-maven-3.5.4\repository\org\springframework\boot\spring-boot-test\2.0.6.RELEASE\spring-boot-test-2.0.6.RELEASE.jar;F:\Job\apache-maven-3.5.4\repository\org\springframework\boot\spring-boot-test-autoconfigure\2.0.6.RELEASE\spring-boot-test-autoconfigure-2.0.6.RELEASE.jar;F:\Job\apache-maven-3.5.4\repository\com\jayway\jsonpath\json-path\2.4.0\json-path-2.4.0.jar;F:\Job\apache-maven-3.5.4\repository\net\minidev\json-smart\2.3\json-smart-2.3.jar;F:\Job\apache-maven-3.5.4\repository\net\minidev\accessors-smart\1.2\accessors-smart-1.2.jar;F:\Job\apache-maven-3.5.4\repository\org\ow2\asm\asm\5.0.4\asm-5.0.4.jar;F:\Job\apache-maven-3.5.4\repository\org\slf4j\slf4j-api\1.7.25\slf4j-api-1.7.25.jar;F:\Job\apache-maven-3.5.4\repository\junit\junit\4.12\junit-4.12.jar;F:\Job\apache-maven-3.5.4\repository\org\assertj\assertj-core\3.9.1\assertj-core-3.9.1.jar;F:\Job\apache-maven-3.5.4\repository\org\mockito\mockito-core\2.15.0\mockito-core-2.15.0.jar;F:\Job\apache-maven-3.5.4\repository\net\bytebuddy\byte-buddy\1.7.11\byte-buddy-1.7.11.jar;F:\Job\apache-maven-3.5.4\repository\net\bytebuddy\byte-buddy-agent\1.7.11\byte-buddy-agent-1.7.11.jar;F:\Job\apache-maven-3.5.4\repository\org\objenesis\objenesis\2.6\objenesis-2.6.jar;F:\Job\apache-maven-3.5.4\repository\org\hamcrest\hamcrest-core\1.3\hamcrest-core-1.3.jar;F:\Job\apache-maven-3.5.4\repository\org\hamcrest\hamcrest-library\1.3\hamcrest-library-1.3.jar;F:\Job\apache-maven-3.5.4\repository\org\skyscreamer\jsonassert\1.5.0\jsonassert-1.5.0.jar;F:\Job\apache-maven-3.5.4\repository\com\vaadin\external\google\android-json\0.0.20131108.vaadin1\android-json-0.0.20131108.vaadin1.jar;F:\Job\apache-maven-3.5.4\repository\org\springframework\spring-core\5.0.10.RELEASE\spring-core-5.0.10.RELEASE.jar;F:\Job\apache-maven-3.5.4\repository\org\springframework\spring-jcl\5.0.10.RELEASE\spring-jcl-5.0.10.RELEASE.jar;F:\Job\apache-maven-3.5.4\repository\org\springframework\spring-test\5.0.10.RELEASE\spring-test-5.0.10.RELEASE.jar;F:\Job\apache-maven-3.5.4\repository\org\xmlunit\xmlunit-core\2.5.1\xmlunit-core-2.5.1.jar;F:\Job\apache-maven-3.5.4\repository\org\springframework\boot\spring-boot-starter-freemarker\2.0.6.RELEASE\spring-boot-starter-freemarker-2.0.6.RELEASE.jar;F:\Job\apache-maven-3.5.4\repository\org\freemarker\freemarker\2.3.28\freemarker-2.3.28.jar;F:\Job\apache-maven-3.5.4\repository\org\springframework\spring-context-support\5.0.10.RELEASE\spring-context-support-5.0.10.RELEASE.jar;F:\Job\apache-maven-3.5.4\repository\org\springframework\boot\spring-boot-starter-tomcat\2.0.6.RELEASE\spring-boot-starter-tomcat-2.0.6.RELEASE.jar;F:\Job\apache-maven-3.5.4\repository\javax\annotation\javax.annotation-api\1.3.2\javax.annotation-api-1.3.2.jar;F:\Job\apache-maven-3.5.4\repository\org\apache\tomcat\embed\tomcat-embed-core\8.5.34\tomcat-embed-core-8.5.34.jar;F:\Job\apache-maven-3.5.4\repository\org\apache\tomcat\embed\tomcat-embed-el\8.5.34\tomcat-embed-el-8.5.34.jar;F:\Job\apache-maven-3.5.4\repository\org\apache\tomcat\embed\tomcat-embed-websocket\8.5.34\tomcat-embed-websocket-8.5.34.jar;F:\Job\apache-maven-3.5.4\repository\org\mybatis\generator\mybatis-generator-core\1.3.2\mybatis-generator-core-1.3.2.jar;F:\Job\apache-maven-3.5.4\repository\org\projectlombok\lombok\1.16.22\lombok-1.16.22.jar;F:\Job\apache-maven-3.5.4\repository\org\apache\logging\log4j\log4j-core\2.10.0\log4j-core-2.10.0.jar;F:\Job\apache-maven-3.5.4\repository\org\apache\logging\log4j\log4j-api\2.10.0\log4j-api-2.10.0.jar;F:\Job\apache-maven-3.5.4\repository\com\github\pagehelper\pagehelper-spring-boot-starter\1.2.5\pagehelper-spring-boot-starter-1.2.5.jar;F:\Job\apache-maven-3.5.4\repository\com\github\pagehelper\pagehelper-spring-boot-autoconfigure\1.2.5\pagehelper-spring-boot-autoconfigure-1.2.5.jar;F:\Job\apache-maven-3.5.4\repository\com\github\pagehelper\pagehelper\5.1.4\pagehelper-5.1.4.jar;F:\Job\apache-maven-3.5.4\repository\com\github\jsqlparser\jsqlparser\1.0\jsqlparser-1.0.jar;F:\Job\apache-maven-3.5.4\repository\mysql\mysql-connector-java\5.1.47\mysql-connector-java-5.1.47.jar;F:\Job\apache-maven-3.5.4\repository\com\alibaba\fastjson\1.2.37\fastjson-1.2.37.jar;"/>
    <property name="sun.cpu.endian" value="little"/>
    <property name="user.home" value="C:\Users\zuhao"/>
    <property name="user.language" value="zh"/>
    <property name="java.specification.vendor" value="Oracle Corporation"/>
    <property name="java.home" value="F:\Job\Java1.8\jre"/>
    <property name="basedir" value="F:\Job\GitData\8.30.2\personnel_system\khusedcar"/>
    <property name="file.separator" value="\"/>
    <property name="line.separator" value="&#10;"/>
    <property name="java.vm.specification.vendor" value="Oracle Corporation"/>
    <property name="java.specification.name" value="Java Platform API Specification"/>
    <property name="java.awt.graphicsenv" value="sun.awt.Win32GraphicsEnvironment"/>
    <property name="surefire.real.class.path" value="C:\Users\zuhao\AppData\Local\Temp\surefire7970753753730930382\surefirebooter4154354074557612961.jar"/>
    <property name="sun.boot.class.path" value="F:\Job\Java1.8\jre\lib\resources.jar;F:\Job\Java1.8\jre\lib\rt.jar;F:\Job\Java1.8\jre\lib\sunrsasign.jar;F:\Job\Java1.8\jre\lib\jsse.jar;F:\Job\Java1.8\jre\lib\jce.jar;F:\Job\Java1.8\jre\lib\charsets.jar;F:\Job\Java1.8\jre\lib\jfr.jar;F:\Job\Java1.8\jre\classes"/>
    <property name="user.script" value=""/>
    <property name="sun.management.compiler" value="HotSpot 64-Bit Tiered Compilers"/>
    <property name="java.runtime.version" value="1.8.0_171-b11"/>
    <property name="user.name" value="zuhao"/>
    <property name="path.separator" value=";"/>
    <property name="os.version" value="10.0"/>
    <property name="java.endorsed.dirs" value="F:\Job\Java1.8\jre\lib\endorsed"/>
    <property name="java.runtime.name" value="Java(TM) SE Runtime Environment"/>
    <property name="file.encoding" value="GBK"/>
    <property name="java.vm.name" value="Java HotSpot(TM) 64-Bit Server VM"/>
    <property name="localRepository" value="F:\Job\apache-maven-3.5.4\repository"/>
    <property name="java.vendor.url.bug" value="http://bugreport.sun.com/bugreport/"/>
    <property name="java.io.tmpdir" value="C:\Users\zuhao\AppData\Local\Temp\"/>
    <property name="idea.version" value="2018.1.2"/>
    <property name="java.version" value="1.8.0_171"/>
    <property name="user.dir" value="F:\Job\GitData\8.30.2\personnel_system\khusedcar"/>
    <property name="os.arch" value="amd64"/>
    <property name="java.vm.specification.name" value="Java Virtual Machine Specification"/>
    <property name="java.awt.printerjob" value="sun.awt.windows.WPrinterJob"/>
    <property name="sun.os.patch.level" value=""/>
    <property name="java.library.path" value="F:\Job\Java1.8\jre\bin;C:\WINDOWS\Sun\Java\bin;C:\WINDOWS\system32;C:\WINDOWS;C:\Program Files (x86)\Common Files\Oracle\Java\javapath;F:\orluck\product\11.2.0\dbhome_1\bin;F:\Job\Java1.8\bin;C:\Program Files (x86)\NVIDIA Corporation\PhysX\Common;F:\Job\apache-maven-3.5.4\bin;C:\Program Files\Intel\iCLS Client\;C:\WINDOWS\system32;C:\WINDOWS;C:\WINDOWS\System32\Wbem;C:\WINDOWS\System32\WindowsPowerShell\v1.0\;C:\Program Files\Intel\Intel(R) Management Engine Components\DAL;C:\Program Files\Intel\Intel(R) Management Engine Components\IPT;C:\Program Files (x86)\Intel\Intel(R) Management Engine Components\DAL;C:\Program Files (x86)\Intel\Intel(R) Management Engine Components\IPT;C:\Program Files (x86)\Microsoft SQL Server\100\Tools\Binn\;C:\Program Files\Microsoft SQL Server\100\Tools\Binn\;C:\Program Files\Microsoft SQL Server\100\DTS\Binn\;C:\Program Files (x86)\Microsoft SQL Server\100\Tools\Binn\VSShell\Common7\IDE\;C:\Program Files (x86)\Microsoft Visual Studio 9.0\Common7\IDE\PrivateAssemblies\;C:\Program Files (x86)\Microsoft SQL Server\100\DTS\Binn\;F:\SQLServer2014_SQLEXPRADV_x86_CHS\共享功能目录x86\Client SDK\ODBC\110\Tools\Binn\;Serve;2014_SQLEXPRADV_x86_CHS\共享功能目录x86\120\Tools\Binn\;Serve;2014_SQLEXPRADV_x86_CHS\共享功能目录x86\120\DTS\Binn\;Serve;2014_SQLEXPRADV_x86_CHS\共享功能目录x86\120\Tools\Binn\ManagementStudio\;F:\42;\Git\cmd;C:\WINDOWS\System32\OpenSSH\;C:\Program Files (x86)\Common Files\Thunder Network\KanKan\Codecs;F:\Job\Tortoisegit\bin;D:\Nodejs\;C:\Users\zuhao\AppData\Local\Microsoft\WindowsApps;C:\Users\zuhao\AppData\Roaming\npm;."/>
    <property name="java.vm.info" value="mixed mode"/>
    <property name="java.vendor" value="Oracle Corporation"/>
    <property name="java.vm.version" value="25.171-b11"/>
    <property name="java.ext.dirs" value="F:\Job\Java1.8\jre\lib\ext;C:\WINDOWS\Sun\Java\lib\ext"/>
    <property name="sun.io.unicode.encoding" value="UnicodeLittle"/>
    <property name="maven.repo.local" value="F:\Job\apache-maven-3.5.4\repository"/>
    <property name="java.class.version" value="52.0"/>
  </properties>
  <testcase name="addSchedule" classname="com.khusedcar.schedule.controller.TScheduleControllerTest" time="0"/>
  <testcase name="findSchedule" classname="com.khusedcar.schedule.controller.TScheduleControllerTest" time="0"/>
  <testcase name="finishSchedule" classname="com.khusedcar.schedule.controller.TScheduleControllerTest" time="0"/>
  <testcase name="deleteSchedule" classname="com.khusedcar.schedule.controller.TScheduleControllerTest" time="0"/>
</testsuite>